  stdafx.cpp
e:\supat\git\sphinxsdk-demo\consoledemo_fpn\stdafx.h : warning C4819: The file contains a character that cannot be represented in the current code page (932). Save the file in Unicode format to prevent data loss
e:\supat\git\sphinxsdk-demo\consoledemo_fpn\targetver.h : warning C4819: The file contains a character that cannot be represented in the current code page (932). Save the file in Unicode format to prevent data loss
  bayer.cpp
e:\supat\git\sphinxsdk-demo\consoledemo_fpn\bayer.h(9): warning C4005: 'restrict': macro redefinition
  e:\supat\git\sphinxsdk-demo\consoledemo_fpn\bayer.h(6): note: see previous definition of 'restrict'
  ConsoleDemo.cpp
e:\supat\git\sphinxsdk-demo\consoledemo_fpn\bayer.h(9): warning C4005: 'restrict': macro redefinition
  e:\supat\git\sphinxsdk-demo\consoledemo_fpn\bayer.h(6): note: see previous definition of 'restrict'
ConsoleDemo.cpp(440): warning C4018: '<': signed/unsigned mismatch
ConsoleDemo.cpp(443): warning C4018: '<': signed/unsigned mismatch
ConsoleDemo.cpp(431): warning C4101: 'timecounter': unreferenced local variable
ConsoleDemo.cpp(557): warning C4311: 'type cast': pointer truncation from 'BYTE *' to 'int'
ConsoleDemo.cpp(557): warning C4302: 'type cast': truncation from 'BYTE *' to 'int'
ConsoleDemo.cpp(570): warning C4311: 'type cast': pointer truncation from 'BYTE *' to 'int'
ConsoleDemo.cpp(570): warning C4302: 'type cast': truncation from 'BYTE *' to 'int'
ConsoleDemo.cpp(616): warning C4477: 'printf' : format string '%lld' requires an argument of type '__int64', but variadic argument 1 has type 'DWORD'
  ConsoleDemo.cpp(616): note: consider using '%ld' in the format string
  darknoise.cpp
darknoise.cpp(22): warning C4309: 'argument': truncation of constant value
darknoise.cpp(25): warning C4311: 'type cast': pointer truncation from 'u_char *' to 'u_long'
darknoise.cpp(25): warning C4302: 'type cast': truncation from 'u_char *' to 'u_long'
darknoise.cpp(19): warning C4101: 'cmp_res': unreferenced local variable
darknoise.cpp(14): warning C4101: 'x': unreferenced local variable
darknoise.cpp(145): warning C4244: '=': conversion from 'short' to 'u_char', possible loss of data
LINK : fatal error LNK1181: cannot open input file '..\SphinxLib\Release64\SphinxLib.lib'
